<?xml version="1.0" encoding="UTF-8"?>
<!-- Generated by org.testng.reporters.JUnitReportReporter -->
<testsuite hostname="SAHAL" failures="0" tests="1" name="org.ictak.testcase.FacultyTC" time="79.831" errors="0" timestamp="2023-10-04T21:51:06 IST" skipped="0">
  <testcase classname="org.ictak.testcase.FacultyTC" name="FACULTY_A15" time="79.831"/>
</testsuite> <!-- org.ictak.testcase.FacultyTC -->
