<?xml version="1.0" encoding="UTF-8"?>
<!-- Generated by org.testng.reporters.JUnitReportReporter -->
<testsuite hostname="SAHAL" failures="0" tests="1" name="org.ictak.testcase.LoginTC" time="15.502" errors="0" timestamp="2023-10-04T14:16:18 IST" skipped="0">
  <testcase classname="org.ictak.testcase.LoginTC" name="LOGIN_A01" time="15.502"/>
</testsuite> <!-- org.ictak.testcase.LoginTC -->
