<?xml version="1.0" encoding="UTF-8"?>
<!-- Generated by org.testng.reporters.JUnitReportReporter -->
<testsuite hostname="SAHAL" failures="0" tests="1" name="org.ictak.testcase.AdminTC2" time="17.774" errors="0" timestamp="2023-10-06T00:30:21 IST" skipped="0">
  <testcase classname="org.ictak.testcase.AdminTC2" name="Admin_SR_08" time="17.774"/>
</testsuite> <!-- org.ictak.testcase.AdminTC2 -->
